<?xml version="1.0" encoding="UTF-8"?>
<testsuite xmlns:xsi="http://www.w3.org/2001/XMLSchema-instance" xsi:noNamespaceSchemaLocation="https://maven.apache.org/surefire/maven-surefire-plugin/xsd/surefire-test-report-3.0.xsd" version="3.0" name="com.recon.backend.BackendApplicationTests" time="3.171" tests="1" errors="0" skipped="0" failures="0">
  <properties>
    <property name="java.specification.version" value="19"/>
    <property name="sun.jnu.encoding" value="UTF-8"/>
    <property name="java.class.path" value="/Users/aubreymalabie/Work/liza-work/tiger-recon-backend/target/test-classes:/Users/aubreymalabie/Work/liza-work/tiger-recon-backend/target/classes:/Users/aubreymalabie/.m2/repository/org/springframework/boot/spring-boot-starter-actuator/3.3.3/spring-boot-starter-actuator-3.3.3.jar:/Users/aubreymalabie/.m2/repository/org/springframework/boot/spring-boot-starter/3.3.3/spring-boot-starter-3.3.3.jar:/Users/aubreymalabie/.m2/repository/org/springframework/boot/spring-boot-starter-logging/3.3.3/spring-boot-starter-logging-3.3.3.jar:/Users/aubreymalabie/.m2/repository/ch/qos/logback/logback-classic/1.5.7/logback-classic-1.5.7.jar:/Users/aubreymalabie/.m2/repository/ch/qos/logback/logback-core/1.5.7/logback-core-1.5.7.jar:/Users/aubreymalabie/.m2/repository/org/apache/logging/log4j/log4j-to-slf4j/2.23.1/log4j-to-slf4j-2.23.1.jar:/Users/aubreymalabie/.m2/repository/org/apache/logging/log4j/log4j-api/2.23.1/log4j-api-2.23.1.jar:/Users/aubreymalabie/.m2/repository/org/slf4j/jul-to-slf4j/2.0.16/jul-to-slf4j-2.0.16.jar:/Users/aubreymalabie/.m2/repository/jakarta/annotation/jakarta.annotation-api/2.1.1/jakarta.annotation-api-2.1.1.jar:/Users/aubreymalabie/.m2/repository/org/yaml/snakeyaml/2.2/snakeyaml-2.2.jar:/Users/aubreymalabie/.m2/repository/org/springframework/boot/spring-boot-actuator-autoconfigure/3.3.3/spring-boot-actuator-autoconfigure-3.3.3.jar:/Users/aubreymalabie/.m2/repository/org/springframework/boot/spring-boot-actuator/3.3.3/spring-boot-actuator-3.3.3.jar:/Users/aubreymalabie/.m2/repository/com/fasterxml/jackson/core/jackson-databind/2.17.2/jackson-databind-2.17.2.jar:/Users/aubreymalabie/.m2/repository/com/fasterxml/jackson/core/jackson-annotations/2.17.2/jackson-annotations-2.17.2.jar:/Users/aubreymalabie/.m2/repository/com/fasterxml/jackson/datatype/jackson-datatype-jsr310/2.17.2/jackson-datatype-jsr310-2.17.2.jar:/Users/aubreymalabie/.m2/repository/io/micrometer/micrometer-observation/1.13.3/micrometer-observation-1.13.3.jar:/Users/aubreymalabie/.m2/repository/io/micrometer/micrometer-commons/1.13.3/micrometer-commons-1.13.3.jar:/Users/aubreymalabie/.m2/repository/io/micrometer/micrometer-jakarta9/1.13.3/micrometer-jakarta9-1.13.3.jar:/Users/aubreymalabie/.m2/repository/io/micrometer/micrometer-core/1.13.3/micrometer-core-1.13.3.jar:/Users/aubreymalabie/.m2/repository/org/hdrhistogram/HdrHistogram/2.2.2/HdrHistogram-2.2.2.jar:/Users/aubreymalabie/.m2/repository/org/latencyutils/LatencyUtils/2.0.3/LatencyUtils-2.0.3.jar:/Users/aubreymalabie/.m2/repository/org/springframework/boot/spring-boot-starter-mail/3.3.3/spring-boot-starter-mail-3.3.3.jar:/Users/aubreymalabie/.m2/repository/org/springframework/spring-context-support/6.1.12/spring-context-support-6.1.12.jar:/Users/aubreymalabie/.m2/repository/org/springframework/spring-beans/6.1.12/spring-beans-6.1.12.jar:/Users/aubreymalabie/.m2/repository/org/springframework/spring-context/6.1.12/spring-context-6.1.12.jar:/Users/aubreymalabie/.m2/repository/org/eclipse/angus/jakarta.mail/2.0.3/jakarta.mail-2.0.3.jar:/Users/aubreymalabie/.m2/repository/jakarta/activation/jakarta.activation-api/2.1.3/jakarta.activation-api-2.1.3.jar:/Users/aubreymalabie/.m2/repository/org/eclipse/angus/angus-activation/2.0.2/angus-activation-2.0.2.jar:/Users/aubreymalabie/.m2/repository/org/springframework/boot/spring-boot-starter-thymeleaf/3.3.3/spring-boot-starter-thymeleaf-3.3.3.jar:/Users/aubreymalabie/.m2/repository/org/thymeleaf/thymeleaf-spring6/3.1.2.RELEASE/thymeleaf-spring6-3.1.2.RELEASE.jar:/Users/aubreymalabie/.m2/repository/org/thymeleaf/thymeleaf/3.1.2.RELEASE/thymeleaf-3.1.2.RELEASE.jar:/Users/aubreymalabie/.m2/repository/org/attoparser/attoparser/2.0.7.RELEASE/attoparser-2.0.7.RELEASE.jar:/Users/aubreymalabie/.m2/repository/org/unbescape/unbescape/1.1.6.RELEASE/unbescape-1.1.6.RELEASE.jar:/Users/aubreymalabie/.m2/repository/org/springframework/boot/spring-boot-starter-web/3.3.3/spring-boot-starter-web-3.3.3.jar:/Users/aubreymalabie/.m2/repository/org/springframework/boot/spring-boot-starter-json/3.3.3/spring-boot-starter-json-3.3.3.jar:/Users/aubreymalabie/.m2/repository/com/fasterxml/jackson/datatype/jackson-datatype-jdk8/2.17.2/jackson-datatype-jdk8-2.17.2.jar:/Users/aubreymalabie/.m2/repository/com/fasterxml/jackson/module/jackson-module-parameter-names/2.17.2/jackson-module-parameter-names-2.17.2.jar:/Users/aubreymalabie/.m2/repository/org/springframework/boot/spring-boot-starter-tomcat/3.3.3/spring-boot-starter-tomcat-3.3.3.jar:/Users/aubreymalabie/.m2/repository/org/apache/tomcat/embed/tomcat-embed-core/10.1.28/tomcat-embed-core-10.1.28.jar:/Users/aubreymalabie/.m2/repository/org/apache/tomcat/embed/tomcat-embed-el/10.1.28/tomcat-embed-el-10.1.28.jar:/Users/aubreymalabie/.m2/repository/org/apache/tomcat/embed/tomcat-embed-websocket/10.1.28/tomcat-embed-websocket-10.1.28.jar:/Users/aubreymalabie/.m2/repository/org/springframework/spring-web/6.1.12/spring-web-6.1.12.jar:/Users/aubreymalabie/.m2/repository/org/springframework/spring-webmvc/6.1.12/spring-webmvc-6.1.12.jar:/Users/aubreymalabie/.m2/repository/org/springframework/spring-aop/6.1.12/spring-aop-6.1.12.jar:/Users/aubreymalabie/.m2/repository/org/springframework/spring-expression/6.1.12/spring-expression-6.1.12.jar:/Users/aubreymalabie/.m2/repository/org/springframework/boot/spring-boot-devtools/3.3.3/spring-boot-devtools-3.3.3.jar:/Users/aubreymalabie/.m2/repository/org/springframework/boot/spring-boot/3.3.3/spring-boot-3.3.3.jar:/Users/aubreymalabie/.m2/repository/org/springframework/boot/spring-boot-autoconfigure/3.3.3/spring-boot-autoconfigure-3.3.3.jar:/Users/aubreymalabie/.m2/repository/org/projectlombok/lombok/1.18.34/lombok-1.18.34.jar:/Users/aubreymalabie/.m2/repository/org/springframework/boot/spring-boot-starter-test/3.3.3/spring-boot-starter-test-3.3.3.jar:/Users/aubreymalabie/.m2/repository/org/springframework/boot/spring-boot-test/3.3.3/spring-boot-test-3.3.3.jar:/Users/aubreymalabie/.m2/repository/org/springframework/boot/spring-boot-test-autoconfigure/3.3.3/spring-boot-test-autoconfigure-3.3.3.jar:/Users/aubreymalabie/.m2/repository/com/jayway/jsonpath/json-path/2.9.0/json-path-2.9.0.jar:/Users/aubreymalabie/.m2/repository/jakarta/xml/bind/jakarta.xml.bind-api/4.0.2/jakarta.xml.bind-api-4.0.2.jar:/Users/aubreymalabie/.m2/repository/net/minidev/json-smart/2.5.1/json-smart-2.5.1.jar:/Users/aubreymalabie/.m2/repository/net/minidev/accessors-smart/2.5.1/accessors-smart-2.5.1.jar:/Users/aubreymalabie/.m2/repository/org/ow2/asm/asm/9.6/asm-9.6.jar:/Users/aubreymalabie/.m2/repository/org/assertj/assertj-core/3.25.3/assertj-core-3.25.3.jar:/Users/aubreymalabie/.m2/repository/net/bytebuddy/byte-buddy/1.14.19/byte-buddy-1.14.19.jar:/Users/aubreymalabie/.m2/repository/org/awaitility/awaitility/4.2.2/awaitility-4.2.2.jar:/Users/aubreymalabie/.m2/repository/org/hamcrest/hamcrest/2.2/hamcrest-2.2.jar:/Users/aubreymalabie/.m2/repository/org/junit/jupiter/junit-jupiter/5.10.3/junit-jupiter-5.10.3.jar:/Users/aubreymalabie/.m2/repository/org/junit/jupiter/junit-jupiter-api/5.10.3/junit-jupiter-api-5.10.3.jar:/Users/aubreymalabie/.m2/repository/org/opentest4j/opentest4j/1.3.0/opentest4j-1.3.0.jar:/Users/aubreymalabie/.m2/repository/org/junit/platform/junit-platform-commons/1.10.3/junit-platform-commons-1.10.3.jar:/Users/aubreymalabie/.m2/repository/org/apiguardian/apiguardian-api/1.1.2/apiguardian-api-1.1.2.jar:/Users/aubreymalabie/.m2/repository/org/junit/jupiter/junit-jupiter-params/5.10.3/junit-jupiter-params-5.10.3.jar:/Users/aubreymalabie/.m2/repository/org/junit/jupiter/junit-jupiter-engine/5.10.3/junit-jupiter-engine-5.10.3.jar:/Users/aubreymalabie/.m2/repository/org/junit/platform/junit-platform-engine/1.10.3/junit-platform-engine-1.10.3.jar:/Users/aubreymalabie/.m2/repository/org/mockito/mockito-core/5.11.0/mockito-core-5.11.0.jar:/Users/aubreymalabie/.m2/repository/net/bytebuddy/byte-buddy-agent/1.14.19/byte-buddy-agent-1.14.19.jar:/Users/aubreymalabie/.m2/repository/org/objenesis/objenesis/3.3/objenesis-3.3.jar:/Users/aubreymalabie/.m2/repository/org/mockito/mockito-junit-jupiter/5.11.0/mockito-junit-jupiter-5.11.0.jar:/Users/aubreymalabie/.m2/repository/org/skyscreamer/jsonassert/1.5.3/jsonassert-1.5.3.jar:/Users/aubreymalabie/.m2/repository/com/vaadin/external/google/android-json/0.0.20131108.vaadin1/android-json-0.0.20131108.vaadin1.jar:/Users/aubreymalabie/.m2/repository/org/springframework/spring-core/6.1.12/spring-core-6.1.12.jar:/Users/aubreymalabie/.m2/repository/org/springframework/spring-jcl/6.1.12/spring-jcl-6.1.12.jar:/Users/aubreymalabie/.m2/repository/org/springframework/spring-test/6.1.12/spring-test-6.1.12.jar:/Users/aubreymalabie/.m2/repository/org/xmlunit/xmlunit-core/2.9.1/xmlunit-core-2.9.1.jar:/Users/aubreymalabie/.m2/repository/com/google/firebase/firebase-admin/9.3.0/firebase-admin-9.3.0.jar:/Users/aubreymalabie/.m2/repository/com/google/api-client/google-api-client/2.4.0/google-api-client-2.4.0.jar:/Users/aubreymalabie/.m2/repository/com/google/oauth-client/google-oauth-client/1.35.0/google-oauth-client-1.35.0.jar:/Users/aubreymalabie/.m2/repository/com/google/http-client/google-http-client-apache-v2/1.44.1/google-http-client-apache-v2-1.44.1.jar:/Users/aubreymalabie/.m2/repository/com/google/api-client/google-api-client-gson/2.4.0/google-api-client-gson-2.4.0.jar:/Users/aubreymalabie/.m2/repository/com/google/http-client/google-http-client/1.44.1/google-http-client-1.44.1.jar:/Users/aubreymalabie/.m2/repository/com/google/api/api-common/2.31.0/api-common-2.31.0.jar:/Users/aubreymalabie/.m2/repository/com/google/auth/google-auth-library-oauth2-http/1.23.0/google-auth-library-oauth2-http-1.23.0.jar:/Users/aubreymalabie/.m2/repository/com/google/cloud/google-cloud-storage/2.38.0/google-cloud-storage-2.38.0.jar:/Users/aubreymalabie/.m2/repository/com/google/http-client/google-http-client-jackson2/1.44.1/google-http-client-jackson2-1.44.1.jar:/Users/aubreymalabie/.m2/repository/com/google/apis/google-api-services-storage/v1-rev20240319-2.0.0/google-api-services-storage-v1-rev20240319-2.0.0.jar:/Users/aubreymalabie/.m2/repository/com/google/cloud/google-cloud-core/2.38.0/google-cloud-core-2.38.0.jar:/Users/aubreymalabie/.m2/repository/com/google/cloud/google-cloud-core-http/2.38.0/google-cloud-core-http-2.38.0.jar:/Users/aubreymalabie/.m2/repository/com/google/http-client/google-http-client-appengine/1.44.1/google-http-client-appengine-1.44.1.jar:/Users/aubreymalabie/.m2/repository/com/google/cloud/google-cloud-core-grpc/2.38.0/google-cloud-core-grpc-2.38.0.jar:/Users/aubreymalabie/.m2/repository/com/google/api/grpc/proto-google-cloud-storage-v2/2.38.0-alpha/proto-google-cloud-storage-v2-2.38.0-alpha.jar:/Users/aubreymalabie/.m2/repository/com/google/api/grpc/grpc-google-cloud-storage-v2/2.38.0-alpha/grpc-google-cloud-storage-v2-2.38.0-alpha.jar:/Users/aubreymalabie/.m2/repository/com/google/api/grpc/gapic-google-cloud-storage-v2/2.38.0-alpha/gapic-google-cloud-storage-v2-2.38.0-alpha.jar:/Users/aubreymalabie/.m2/repository/com/fasterxml/jackson/core/jackson-core/2.17.2/jackson-core-2.17.2.jar:/Users/aubreymalabie/.m2/repository/io/opencensus/opencensus-proto/0.2.0/opencensus-proto-0.2.0.jar:/Users/aubreymalabie/.m2/repository/io/grpc/grpc-rls/1.62.2/grpc-rls-1.62.2.jar:/Users/aubreymalabie/.m2/repository/com/google/cloud/google-cloud-firestore/3.21.1/google-cloud-firestore-3.21.1.jar:/Users/aubreymalabie/.m2/repository/com/google/api/grpc/proto-google-cloud-firestore-v1/3.21.1/proto-google-cloud-firestore-v1-3.21.1.jar:/Users/aubreymalabie/.m2/repository/com/google/cloud/proto-google-cloud-firestore-bundle-v1/3.21.1/proto-google-cloud-firestore-bundle-v1-3.21.1.jar:/Users/aubreymalabie/.m2/repository/io/opencensus/opencensus-contrib-grpc-util/0.31.1/opencensus-contrib-grpc-util-0.31.1.jar:/Users/aubreymalabie/.m2/repository/com/google/guava/guava/33.1.0-jre/guava-33.1.0-jre.jar:/Users/aubreymalabie/.m2/repository/org/slf4j/slf4j-api/2.0.16/slf4j-api-2.0.16.jar:/Users/aubreymalabie/.m2/repository/io/netty/netty-codec-http/4.1.112.Final/netty-codec-http-4.1.112.Final.jar:/Users/aubreymalabie/.m2/repository/io/netty/netty-common/4.1.112.Final/netty-common-4.1.112.Final.jar:/Users/aubreymalabie/.m2/repository/io/netty/netty-buffer/4.1.112.Final/netty-buffer-4.1.112.Final.jar:/Users/aubreymalabie/.m2/repository/io/netty/netty-codec/4.1.112.Final/netty-codec-4.1.112.Final.jar:/Users/aubreymalabie/.m2/repository/io/netty/netty-handler/4.1.112.Final/netty-handler-4.1.112.Final.jar:/Users/aubreymalabie/.m2/repository/io/netty/netty-resolver/4.1.112.Final/netty-resolver-4.1.112.Final.jar:/Users/aubreymalabie/.m2/repository/io/netty/netty-transport-native-unix-common/4.1.112.Final/netty-transport-native-unix-common-4.1.112.Final.jar:/Users/aubreymalabie/.m2/repository/io/netty/netty-transport/4.1.112.Final/netty-transport-4.1.112.Final.jar:/Users/aubreymalabie/.m2/repository/com/google/cloud/google-cloud-secretmanager/2.48.0/google-cloud-secretmanager-2.48.0.jar:/Users/aubreymalabie/.m2/repository/io/grpc/grpc-api/1.66.0/grpc-api-1.66.0.jar:/Users/aubreymalabie/.m2/repository/com/google/code/findbugs/jsr305/3.0.2/jsr305-3.0.2.jar:/Users/aubreymalabie/.m2/repository/com/google/errorprone/error_prone_annotations/2.30.0/error_prone_annotations-2.30.0.jar:/Users/aubreymalabie/.m2/repository/io/grpc/grpc-stub/1.66.0/grpc-stub-1.66.0.jar:/Users/aubreymalabie/.m2/repository/io/grpc/grpc-protobuf/1.66.0/grpc-protobuf-1.66.0.jar:/Users/aubreymalabie/.m2/repository/io/grpc/grpc-protobuf-lite/1.66.0/grpc-protobuf-lite-1.66.0.jar:/Users/aubreymalabie/.m2/repository/com/google/auto/value/auto-value-annotations/1.11.0/auto-value-annotations-1.11.0.jar:/Users/aubreymalabie/.m2/repository/javax/annotation/javax.annotation-api/1.3.2/javax.annotation-api-1.3.2.jar:/Users/aubreymalabie/.m2/repository/com/google/j2objc/j2objc-annotations/3.0.0/j2objc-annotations-3.0.0.jar:/Users/aubreymalabie/.m2/repository/com/google/protobuf/protobuf-java/3.25.4/protobuf-java-3.25.4.jar:/Users/aubreymalabie/.m2/repository/com/google/api/grpc/proto-google-common-protos/2.43.0/proto-google-common-protos-2.43.0.jar:/Users/aubreymalabie/.m2/repository/com/google/api/grpc/proto-google-cloud-secretmanager-v1beta2/2.48.0/proto-google-cloud-secretmanager-v1beta2-2.48.0.jar:/Users/aubreymalabie/.m2/repository/com/google/api/grpc/proto-google-iam-v1/1.38.0/proto-google-iam-v1-1.38.0.jar:/Users/aubreymalabie/.m2/repository/com/google/api/grpc/proto-google-cloud-secretmanager-v1/2.48.0/proto-google-cloud-secretmanager-v1-2.48.0.jar:/Users/aubreymalabie/.m2/repository/com/google/guava/failureaccess/1.0.2/failureaccess-1.0.2.jar:/Users/aubreymalabie/.m2/repository/com/google/guava/listenablefuture/9999.0-empty-to-avoid-conflict-with-guava/listenablefuture-9999.0-empty-to-avoid-conflict-with-guava.jar:/Users/aubreymalabie/.m2/repository/org/checkerframework/checker-qual/3.46.0/checker-qual-3.46.0.jar:/Users/aubreymalabie/.m2/repository/com/google/api/gax/2.52.0/gax-2.52.0.jar:/Users/aubreymalabie/.m2/repository/com/google/auth/google-auth-library-credentials/1.24.1/google-auth-library-credentials-1.24.1.jar:/Users/aubreymalabie/.m2/repository/io/opencensus/opencensus-api/0.31.1/opencensus-api-0.31.1.jar:/Users/aubreymalabie/.m2/repository/io/grpc/grpc-context/1.66.0/grpc-context-1.66.0.jar:/Users/aubreymalabie/.m2/repository/com/google/api/gax-grpc/2.52.0/gax-grpc-2.52.0.jar:/Users/aubreymalabie/.m2/repository/io/grpc/grpc-inprocess/1.66.0/grpc-inprocess-1.66.0.jar:/Users/aubreymalabie/.m2/repository/io/grpc/grpc-core/1.66.0/grpc-core-1.66.0.jar:/Users/aubreymalabie/.m2/repository/com/google/android/annotations/4.1.1.4/annotations-4.1.1.4.jar:/Users/aubreymalabie/.m2/repository/org/codehaus/mojo/animal-sniffer-annotations/1.24/animal-sniffer-annotations-1.24.jar:/Users/aubreymalabie/.m2/repository/io/grpc/grpc-alts/1.66.0/grpc-alts-1.66.0.jar:/Users/aubreymalabie/.m2/repository/io/grpc/grpc-grpclb/1.66.0/grpc-grpclb-1.66.0.jar:/Users/aubreymalabie/.m2/repository/org/conscrypt/conscrypt-openjdk-uber/2.5.2/conscrypt-openjdk-uber-2.5.2.jar:/Users/aubreymalabie/.m2/repository/io/grpc/grpc-auth/1.66.0/grpc-auth-1.66.0.jar:/Users/aubreymalabie/.m2/repository/io/grpc/grpc-netty-shaded/1.66.0/grpc-netty-shaded-1.66.0.jar:/Users/aubreymalabie/.m2/repository/io/grpc/grpc-util/1.66.0/grpc-util-1.66.0.jar:/Users/aubreymalabie/.m2/repository/io/perfmark/perfmark-api/0.27.0/perfmark-api-0.27.0.jar:/Users/aubreymalabie/.m2/repository/io/grpc/grpc-googleapis/1.66.0/grpc-googleapis-1.66.0.jar:/Users/aubreymalabie/.m2/repository/io/grpc/grpc-xds/1.66.0/grpc-xds-1.66.0.jar:/Users/aubreymalabie/.m2/repository/io/grpc/grpc-services/1.66.0/grpc-services-1.66.0.jar:/Users/aubreymalabie/.m2/repository/com/google/re2j/re2j/1.7/re2j-1.7.jar:/Users/aubreymalabie/.m2/repository/com/google/api/gax-httpjson/2.52.0/gax-httpjson-2.52.0.jar:/Users/aubreymalabie/.m2/repository/com/google/code/gson/gson/2.10.1/gson-2.10.1.jar:/Users/aubreymalabie/.m2/repository/org/apache/httpcomponents/httpclient/4.5.14/httpclient-4.5.14.jar:/Users/aubreymalabie/.m2/repository/commons-codec/commons-codec/1.16.1/commons-codec-1.16.1.jar:/Users/aubreymalabie/.m2/repository/org/apache/httpcomponents/httpcore/4.4.16/httpcore-4.4.16.jar:/Users/aubreymalabie/.m2/repository/io/opencensus/opencensus-contrib-http-util/0.31.1/opencensus-contrib-http-util-0.31.1.jar:/Users/aubreymalabie/.m2/repository/com/google/http-client/google-http-client-gson/1.44.2/google-http-client-gson-1.44.2.jar:/Users/aubreymalabie/.m2/repository/com/google/protobuf/protobuf-java-util/3.25.4/protobuf-java-util-3.25.4.jar:/Users/aubreymalabie/.m2/repository/org/threeten/threetenbp/1.6.9/threetenbp-1.6.9.jar:/Users/aubreymalabie/.m2/repository/com/google/api/grpc/grpc-google-common-protos/2.43.0/grpc-google-common-protos-2.43.0.jar:/Users/aubreymalabie/.m2/repository/org/springdoc/springdoc-openapi-starter-webmvc-ui/2.6.0/springdoc-openapi-starter-webmvc-ui-2.6.0.jar:/Users/aubreymalabie/.m2/repository/org/springdoc/springdoc-openapi-starter-webmvc-api/2.6.0/springdoc-openapi-starter-webmvc-api-2.6.0.jar:/Users/aubreymalabie/.m2/repository/org/springdoc/springdoc-openapi-starter-common/2.6.0/springdoc-openapi-starter-common-2.6.0.jar:/Users/aubreymalabie/.m2/repository/io/swagger/core/v3/swagger-core-jakarta/2.2.22/swagger-core-jakarta-2.2.22.jar:/Users/aubreymalabie/.m2/repository/org/apache/commons/commons-lang3/3.14.0/commons-lang3-3.14.0.jar:/Users/aubreymalabie/.m2/repository/io/swagger/core/v3/swagger-annotations-jakarta/2.2.22/swagger-annotations-jakarta-2.2.22.jar:/Users/aubreymalabie/.m2/repository/io/swagger/core/v3/swagger-models-jakarta/2.2.22/swagger-models-jakarta-2.2.22.jar:/Users/aubreymalabie/.m2/repository/jakarta/validation/jakarta.validation-api/3.0.2/jakarta.validation-api-3.0.2.jar:/Users/aubreymalabie/.m2/repository/com/fasterxml/jackson/dataformat/jackson-dataformat-yaml/2.17.2/jackson-dataformat-yaml-2.17.2.jar:/Users/aubreymalabie/.m2/repository/org/webjars/swagger-ui/5.17.14/swagger-ui-5.17.14.jar:/Users/aubreymalabie/.m2/repository/joda-time/joda-time/2.12.7/joda-time-2.12.7.jar:/Users/aubreymalabie/.m2/repository/com/squareup/okhttp/okhttp/2.7.5/okhttp-2.7.5.jar:/Users/aubreymalabie/.m2/repository/com/squareup/okio/okio/1.6.0/okio-1.6.0.jar:"/>
    <property name="java.vm.vendor" value="Oracle Corporation"/>
    <property name="sun.arch.data.model" value="64"/>
    <property name="java.vendor.url" value="https://java.oracle.com/"/>
    <property name="user.timezone" value="Africa/Johannesburg"/>
    <property name="os.name" value="Mac OS X"/>
    <property name="java.vm.specification.version" value="19"/>
    <property name="sun.java.launcher" value="SUN_STANDARD"/>
    <property name="user.country" value="ZA"/>
    <property name="sun.boot.library.path" value="/Users/aubreymalabie/Library/Java/JavaVirtualMachines/openjdk-19.0.2-1/Contents/Home/lib"/>
    <property name="sun.java.command" value="/Users/aubreymalabie/Work/liza-work/tiger-recon-backend/target/surefire/surefirebooter-20240827231659164_3.jar /Users/aubreymalabie/Work/liza-work/tiger-recon-backend/target/surefire 2024-08-27T23-16-59_117-jvmRun1 surefire-20240827231659164_1tmp surefire_0-20240827231659164_2tmp"/>
    <property name="http.nonProxyHosts" value="local|*.local|169.254/16|*.169.254/16"/>
    <property name="jdk.debug" value="release"/>
    <property name="surefire.test.class.path" value="/Users/aubreymalabie/Work/liza-work/tiger-recon-backend/target/test-classes:/Users/aubreymalabie/Work/liza-work/tiger-recon-backend/target/classes:/Users/aubreymalabie/.m2/repository/org/springframework/boot/spring-boot-starter-actuator/3.3.3/spring-boot-starter-actuator-3.3.3.jar:/Users/aubreymalabie/.m2/repository/org/springframework/boot/spring-boot-starter/3.3.3/spring-boot-starter-3.3.3.jar:/Users/aubreymalabie/.m2/repository/org/springframework/boot/spring-boot-starter-logging/3.3.3/spring-boot-starter-logging-3.3.3.jar:/Users/aubreymalabie/.m2/repository/ch/qos/logback/logback-classic/1.5.7/logback-classic-1.5.7.jar:/Users/aubreymalabie/.m2/repository/ch/qos/logback/logback-core/1.5.7/logback-core-1.5.7.jar:/Users/aubreymalabie/.m2/repository/org/apache/logging/log4j/log4j-to-slf4j/2.23.1/log4j-to-slf4j-2.23.1.jar:/Users/aubreymalabie/.m2/repository/org/apache/logging/log4j/log4j-api/2.23.1/log4j-api-2.23.1.jar:/Users/aubreymalabie/.m2/repository/org/slf4j/jul-to-slf4j/2.0.16/jul-to-slf4j-2.0.16.jar:/Users/aubreymalabie/.m2/repository/jakarta/annotation/jakarta.annotation-api/2.1.1/jakarta.annotation-api-2.1.1.jar:/Users/aubreymalabie/.m2/repository/org/yaml/snakeyaml/2.2/snakeyaml-2.2.jar:/Users/aubreymalabie/.m2/repository/org/springframework/boot/spring-boot-actuator-autoconfigure/3.3.3/spring-boot-actuator-autoconfigure-3.3.3.jar:/Users/aubreymalabie/.m2/repository/org/springframework/boot/spring-boot-actuator/3.3.3/spring-boot-actuator-3.3.3.jar:/Users/aubreymalabie/.m2/repository/com/fasterxml/jackson/core/jackson-databind/2.17.2/jackson-databind-2.17.2.jar:/Users/aubreymalabie/.m2/repository/com/fasterxml/jackson/core/jackson-annotations/2.17.2/jackson-annotations-2.17.2.jar:/Users/aubreymalabie/.m2/repository/com/fasterxml/jackson/datatype/jackson-datatype-jsr310/2.17.2/jackson-datatype-jsr310-2.17.2.jar:/Users/aubreymalabie/.m2/repository/io/micrometer/micrometer-observation/1.13.3/micrometer-observation-1.13.3.jar:/Users/aubreymalabie/.m2/repository/io/micrometer/micrometer-commons/1.13.3/micrometer-commons-1.13.3.jar:/Users/aubreymalabie/.m2/repository/io/micrometer/micrometer-jakarta9/1.13.3/micrometer-jakarta9-1.13.3.jar:/Users/aubreymalabie/.m2/repository/io/micrometer/micrometer-core/1.13.3/micrometer-core-1.13.3.jar:/Users/aubreymalabie/.m2/repository/org/hdrhistogram/HdrHistogram/2.2.2/HdrHistogram-2.2.2.jar:/Users/aubreymalabie/.m2/repository/org/latencyutils/LatencyUtils/2.0.3/LatencyUtils-2.0.3.jar:/Users/aubreymalabie/.m2/repository/org/springframework/boot/spring-boot-starter-mail/3.3.3/spring-boot-starter-mail-3.3.3.jar:/Users/aubreymalabie/.m2/repository/org/springframework/spring-context-support/6.1.12/spring-context-support-6.1.12.jar:/Users/aubreymalabie/.m2/repository/org/springframework/spring-beans/6.1.12/spring-beans-6.1.12.jar:/Users/aubreymalabie/.m2/repository/org/springframework/spring-context/6.1.12/spring-context-6.1.12.jar:/Users/aubreymalabie/.m2/repository/org/eclipse/angus/jakarta.mail/2.0.3/jakarta.mail-2.0.3.jar:/Users/aubreymalabie/.m2/repository/jakarta/activation/jakarta.activation-api/2.1.3/jakarta.activation-api-2.1.3.jar:/Users/aubreymalabie/.m2/repository/org/eclipse/angus/angus-activation/2.0.2/angus-activation-2.0.2.jar:/Users/aubreymalabie/.m2/repository/org/springframework/boot/spring-boot-starter-thymeleaf/3.3.3/spring-boot-starter-thymeleaf-3.3.3.jar:/Users/aubreymalabie/.m2/repository/org/thymeleaf/thymeleaf-spring6/3.1.2.RELEASE/thymeleaf-spring6-3.1.2.RELEASE.jar:/Users/aubreymalabie/.m2/repository/org/thymeleaf/thymeleaf/3.1.2.RELEASE/thymeleaf-3.1.2.RELEASE.jar:/Users/aubreymalabie/.m2/repository/org/attoparser/attoparser/2.0.7.RELEASE/attoparser-2.0.7.RELEASE.jar:/Users/aubreymalabie/.m2/repository/org/unbescape/unbescape/1.1.6.RELEASE/unbescape-1.1.6.RELEASE.jar:/Users/aubreymalabie/.m2/repository/org/springframework/boot/spring-boot-starter-web/3.3.3/spring-boot-starter-web-3.3.3.jar:/Users/aubreymalabie/.m2/repository/org/springframework/boot/spring-boot-starter-json/3.3.3/spring-boot-starter-json-3.3.3.jar:/Users/aubreymalabie/.m2/repository/com/fasterxml/jackson/datatype/jackson-datatype-jdk8/2.17.2/jackson-datatype-jdk8-2.17.2.jar:/Users/aubreymalabie/.m2/repository/com/fasterxml/jackson/module/jackson-module-parameter-names/2.17.2/jackson-module-parameter-names-2.17.2.jar:/Users/aubreymalabie/.m2/repository/org/springframework/boot/spring-boot-starter-tomcat/3.3.3/spring-boot-starter-tomcat-3.3.3.jar:/Users/aubreymalabie/.m2/repository/org/apache/tomcat/embed/tomcat-embed-core/10.1.28/tomcat-embed-core-10.1.28.jar:/Users/aubreymalabie/.m2/repository/org/apache/tomcat/embed/tomcat-embed-el/10.1.28/tomcat-embed-el-10.1.28.jar:/Users/aubreymalabie/.m2/repository/org/apache/tomcat/embed/tomcat-embed-websocket/10.1.28/tomcat-embed-websocket-10.1.28.jar:/Users/aubreymalabie/.m2/repository/org/springframework/spring-web/6.1.12/spring-web-6.1.12.jar:/Users/aubreymalabie/.m2/repository/org/springframework/spring-webmvc/6.1.12/spring-webmvc-6.1.12.jar:/Users/aubreymalabie/.m2/repository/org/springframework/spring-aop/6.1.12/spring-aop-6.1.12.jar:/Users/aubreymalabie/.m2/repository/org/springframework/spring-expression/6.1.12/spring-expression-6.1.12.jar:/Users/aubreymalabie/.m2/repository/org/springframework/boot/spring-boot-devtools/3.3.3/spring-boot-devtools-3.3.3.jar:/Users/aubreymalabie/.m2/repository/org/springframework/boot/spring-boot/3.3.3/spring-boot-3.3.3.jar:/Users/aubreymalabie/.m2/repository/org/springframework/boot/spring-boot-autoconfigure/3.3.3/spring-boot-autoconfigure-3.3.3.jar:/Users/aubreymalabie/.m2/repository/org/projectlombok/lombok/1.18.34/lombok-1.18.34.jar:/Users/aubreymalabie/.m2/repository/org/springframework/boot/spring-boot-starter-test/3.3.3/spring-boot-starter-test-3.3.3.jar:/Users/aubreymalabie/.m2/repository/org/springframework/boot/spring-boot-test/3.3.3/spring-boot-test-3.3.3.jar:/Users/aubreymalabie/.m2/repository/org/springframework/boot/spring-boot-test-autoconfigure/3.3.3/spring-boot-test-autoconfigure-3.3.3.jar:/Users/aubreymalabie/.m2/repository/com/jayway/jsonpath/json-path/2.9.0/json-path-2.9.0.jar:/Users/aubreymalabie/.m2/repository/jakarta/xml/bind/jakarta.xml.bind-api/4.0.2/jakarta.xml.bind-api-4.0.2.jar:/Users/aubreymalabie/.m2/repository/net/minidev/json-smart/2.5.1/json-smart-2.5.1.jar:/Users/aubreymalabie/.m2/repository/net/minidev/accessors-smart/2.5.1/accessors-smart-2.5.1.jar:/Users/aubreymalabie/.m2/repository/org/ow2/asm/asm/9.6/asm-9.6.jar:/Users/aubreymalabie/.m2/repository/org/assertj/assertj-core/3.25.3/assertj-core-3.25.3.jar:/Users/aubreymalabie/.m2/repository/net/bytebuddy/byte-buddy/1.14.19/byte-buddy-1.14.19.jar:/Users/aubreymalabie/.m2/repository/org/awaitility/awaitility/4.2.2/awaitility-4.2.2.jar:/Users/aubreymalabie/.m2/repository/org/hamcrest/hamcrest/2.2/hamcrest-2.2.jar:/Users/aubreymalabie/.m2/repository/org/junit/jupiter/junit-jupiter/5.10.3/junit-jupiter-5.10.3.jar:/Users/aubreymalabie/.m2/repository/org/junit/jupiter/junit-jupiter-api/5.10.3/junit-jupiter-api-5.10.3.jar:/Users/aubreymalabie/.m2/repository/org/opentest4j/opentest4j/1.3.0/opentest4j-1.3.0.jar:/Users/aubreymalabie/.m2/repository/org/junit/platform/junit-platform-commons/1.10.3/junit-platform-commons-1.10.3.jar:/Users/aubreymalabie/.m2/repository/org/apiguardian/apiguardian-api/1.1.2/apiguardian-api-1.1.2.jar:/Users/aubreymalabie/.m2/repository/org/junit/jupiter/junit-jupiter-params/5.10.3/junit-jupiter-params-5.10.3.jar:/Users/aubreymalabie/.m2/repository/org/junit/jupiter/junit-jupiter-engine/5.10.3/junit-jupiter-engine-5.10.3.jar:/Users/aubreymalabie/.m2/repository/org/junit/platform/junit-platform-engine/1.10.3/junit-platform-engine-1.10.3.jar:/Users/aubreymalabie/.m2/repository/org/mockito/mockito-core/5.11.0/mockito-core-5.11.0.jar:/Users/aubreymalabie/.m2/repository/net/bytebuddy/byte-buddy-agent/1.14.19/byte-buddy-agent-1.14.19.jar:/Users/aubreymalabie/.m2/repository/org/objenesis/objenesis/3.3/objenesis-3.3.jar:/Users/aubreymalabie/.m2/repository/org/mockito/mockito-junit-jupiter/5.11.0/mockito-junit-jupiter-5.11.0.jar:/Users/aubreymalabie/.m2/repository/org/skyscreamer/jsonassert/1.5.3/jsonassert-1.5.3.jar:/Users/aubreymalabie/.m2/repository/com/vaadin/external/google/android-json/0.0.20131108.vaadin1/android-json-0.0.20131108.vaadin1.jar:/Users/aubreymalabie/.m2/repository/org/springframework/spring-core/6.1.12/spring-core-6.1.12.jar:/Users/aubreymalabie/.m2/repository/org/springframework/spring-jcl/6.1.12/spring-jcl-6.1.12.jar:/Users/aubreymalabie/.m2/repository/org/springframework/spring-test/6.1.12/spring-test-6.1.12.jar:/Users/aubreymalabie/.m2/repository/org/xmlunit/xmlunit-core/2.9.1/xmlunit-core-2.9.1.jar:/Users/aubreymalabie/.m2/repository/com/google/firebase/firebase-admin/9.3.0/firebase-admin-9.3.0.jar:/Users/aubreymalabie/.m2/repository/com/google/api-client/google-api-client/2.4.0/google-api-client-2.4.0.jar:/Users/aubreymalabie/.m2/repository/com/google/oauth-client/google-oauth-client/1.35.0/google-oauth-client-1.35.0.jar:/Users/aubreymalabie/.m2/repository/com/google/http-client/google-http-client-apache-v2/1.44.1/google-http-client-apache-v2-1.44.1.jar:/Users/aubreymalabie/.m2/repository/com/google/api-client/google-api-client-gson/2.4.0/google-api-client-gson-2.4.0.jar:/Users/aubreymalabie/.m2/repository/com/google/http-client/google-http-client/1.44.1/google-http-client-1.44.1.jar:/Users/aubreymalabie/.m2/repository/com/google/api/api-common/2.31.0/api-common-2.31.0.jar:/Users/aubreymalabie/.m2/repository/com/google/auth/google-auth-library-oauth2-http/1.23.0/google-auth-library-oauth2-http-1.23.0.jar:/Users/aubreymalabie/.m2/repository/com/google/cloud/google-cloud-storage/2.38.0/google-cloud-storage-2.38.0.jar:/Users/aubreymalabie/.m2/repository/com/google/http-client/google-http-client-jackson2/1.44.1/google-http-client-jackson2-1.44.1.jar:/Users/aubreymalabie/.m2/repository/com/google/apis/google-api-services-storage/v1-rev20240319-2.0.0/google-api-services-storage-v1-rev20240319-2.0.0.jar:/Users/aubreymalabie/.m2/repository/com/google/cloud/google-cloud-core/2.38.0/google-cloud-core-2.38.0.jar:/Users/aubreymalabie/.m2/repository/com/google/cloud/google-cloud-core-http/2.38.0/google-cloud-core-http-2.38.0.jar:/Users/aubreymalabie/.m2/repository/com/google/http-client/google-http-client-appengine/1.44.1/google-http-client-appengine-1.44.1.jar:/Users/aubreymalabie/.m2/repository/com/google/cloud/google-cloud-core-grpc/2.38.0/google-cloud-core-grpc-2.38.0.jar:/Users/aubreymalabie/.m2/repository/com/google/api/grpc/proto-google-cloud-storage-v2/2.38.0-alpha/proto-google-cloud-storage-v2-2.38.0-alpha.jar:/Users/aubreymalabie/.m2/repository/com/google/api/grpc/grpc-google-cloud-storage-v2/2.38.0-alpha/grpc-google-cloud-storage-v2-2.38.0-alpha.jar:/Users/aubreymalabie/.m2/repository/com/google/api/grpc/gapic-google-cloud-storage-v2/2.38.0-alpha/gapic-google-cloud-storage-v2-2.38.0-alpha.jar:/Users/aubreymalabie/.m2/repository/com/fasterxml/jackson/core/jackson-core/2.17.2/jackson-core-2.17.2.jar:/Users/aubreymalabie/.m2/repository/io/opencensus/opencensus-proto/0.2.0/opencensus-proto-0.2.0.jar:/Users/aubreymalabie/.m2/repository/io/grpc/grpc-rls/1.62.2/grpc-rls-1.62.2.jar:/Users/aubreymalabie/.m2/repository/com/google/cloud/google-cloud-firestore/3.21.1/google-cloud-firestore-3.21.1.jar:/Users/aubreymalabie/.m2/repository/com/google/api/grpc/proto-google-cloud-firestore-v1/3.21.1/proto-google-cloud-firestore-v1-3.21.1.jar:/Users/aubreymalabie/.m2/repository/com/google/cloud/proto-google-cloud-firestore-bundle-v1/3.21.1/proto-google-cloud-firestore-bundle-v1-3.21.1.jar:/Users/aubreymalabie/.m2/repository/io/opencensus/opencensus-contrib-grpc-util/0.31.1/opencensus-contrib-grpc-util-0.31.1.jar:/Users/aubreymalabie/.m2/repository/com/google/guava/guava/33.1.0-jre/guava-33.1.0-jre.jar:/Users/aubreymalabie/.m2/repository/org/slf4j/slf4j-api/2.0.16/slf4j-api-2.0.16.jar:/Users/aubreymalabie/.m2/repository/io/netty/netty-codec-http/4.1.112.Final/netty-codec-http-4.1.112.Final.jar:/Users/aubreymalabie/.m2/repository/io/netty/netty-common/4.1.112.Final/netty-common-4.1.112.Final.jar:/Users/aubreymalabie/.m2/repository/io/netty/netty-buffer/4.1.112.Final/netty-buffer-4.1.112.Final.jar:/Users/aubreymalabie/.m2/repository/io/netty/netty-codec/4.1.112.Final/netty-codec-4.1.112.Final.jar:/Users/aubreymalabie/.m2/repository/io/netty/netty-handler/4.1.112.Final/netty-handler-4.1.112.Final.jar:/Users/aubreymalabie/.m2/repository/io/netty/netty-resolver/4.1.112.Final/netty-resolver-4.1.112.Final.jar:/Users/aubreymalabie/.m2/repository/io/netty/netty-transport-native-unix-common/4.1.112.Final/netty-transport-native-unix-common-4.1.112.Final.jar:/Users/aubreymalabie/.m2/repository/io/netty/netty-transport/4.1.112.Final/netty-transport-4.1.112.Final.jar:/Users/aubreymalabie/.m2/repository/com/google/cloud/google-cloud-secretmanager/2.48.0/google-cloud-secretmanager-2.48.0.jar:/Users/aubreymalabie/.m2/repository/io/grpc/grpc-api/1.66.0/grpc-api-1.66.0.jar:/Users/aubreymalabie/.m2/repository/com/google/code/findbugs/jsr305/3.0.2/jsr305-3.0.2.jar:/Users/aubreymalabie/.m2/repository/com/google/errorprone/error_prone_annotations/2.30.0/error_prone_annotations-2.30.0.jar:/Users/aubreymalabie/.m2/repository/io/grpc/grpc-stub/1.66.0/grpc-stub-1.66.0.jar:/Users/aubreymalabie/.m2/repository/io/grpc/grpc-protobuf/1.66.0/grpc-protobuf-1.66.0.jar:/Users/aubreymalabie/.m2/repository/io/grpc/grpc-protobuf-lite/1.66.0/grpc-protobuf-lite-1.66.0.jar:/Users/aubreymalabie/.m2/repository/com/google/auto/value/auto-value-annotations/1.11.0/auto-value-annotations-1.11.0.jar:/Users/aubreymalabie/.m2/repository/javax/annotation/javax.annotation-api/1.3.2/javax.annotation-api-1.3.2.jar:/Users/aubreymalabie/.m2/repository/com/google/j2objc/j2objc-annotations/3.0.0/j2objc-annotations-3.0.0.jar:/Users/aubreymalabie/.m2/repository/com/google/protobuf/protobuf-java/3.25.4/protobuf-java-3.25.4.jar:/Users/aubreymalabie/.m2/repository/com/google/api/grpc/proto-google-common-protos/2.43.0/proto-google-common-protos-2.43.0.jar:/Users/aubreymalabie/.m2/repository/com/google/api/grpc/proto-google-cloud-secretmanager-v1beta2/2.48.0/proto-google-cloud-secretmanager-v1beta2-2.48.0.jar:/Users/aubreymalabie/.m2/repository/com/google/api/grpc/proto-google-iam-v1/1.38.0/proto-google-iam-v1-1.38.0.jar:/Users/aubreymalabie/.m2/repository/com/google/api/grpc/proto-google-cloud-secretmanager-v1/2.48.0/proto-google-cloud-secretmanager-v1-2.48.0.jar:/Users/aubreymalabie/.m2/repository/com/google/guava/failureaccess/1.0.2/failureaccess-1.0.2.jar:/Users/aubreymalabie/.m2/repository/com/google/guava/listenablefuture/9999.0-empty-to-avoid-conflict-with-guava/listenablefuture-9999.0-empty-to-avoid-conflict-with-guava.jar:/Users/aubreymalabie/.m2/repository/org/checkerframework/checker-qual/3.46.0/checker-qual-3.46.0.jar:/Users/aubreymalabie/.m2/repository/com/google/api/gax/2.52.0/gax-2.52.0.jar:/Users/aubreymalabie/.m2/repository/com/google/auth/google-auth-library-credentials/1.24.1/google-auth-library-credentials-1.24.1.jar:/Users/aubreymalabie/.m2/repository/io/opencensus/opencensus-api/0.31.1/opencensus-api-0.31.1.jar:/Users/aubreymalabie/.m2/repository/io/grpc/grpc-context/1.66.0/grpc-context-1.66.0.jar:/Users/aubreymalabie/.m2/repository/com/google/api/gax-grpc/2.52.0/gax-grpc-2.52.0.jar:/Users/aubreymalabie/.m2/repository/io/grpc/grpc-inprocess/1.66.0/grpc-inprocess-1.66.0.jar:/Users/aubreymalabie/.m2/repository/io/grpc/grpc-core/1.66.0/grpc-core-1.66.0.jar:/Users/aubreymalabie/.m2/repository/com/google/android/annotations/4.1.1.4/annotations-4.1.1.4.jar:/Users/aubreymalabie/.m2/repository/org/codehaus/mojo/animal-sniffer-annotations/1.24/animal-sniffer-annotations-1.24.jar:/Users/aubreymalabie/.m2/repository/io/grpc/grpc-alts/1.66.0/grpc-alts-1.66.0.jar:/Users/aubreymalabie/.m2/repository/io/grpc/grpc-grpclb/1.66.0/grpc-grpclb-1.66.0.jar:/Users/aubreymalabie/.m2/repository/org/conscrypt/conscrypt-openjdk-uber/2.5.2/conscrypt-openjdk-uber-2.5.2.jar:/Users/aubreymalabie/.m2/repository/io/grpc/grpc-auth/1.66.0/grpc-auth-1.66.0.jar:/Users/aubreymalabie/.m2/repository/io/grpc/grpc-netty-shaded/1.66.0/grpc-netty-shaded-1.66.0.jar:/Users/aubreymalabie/.m2/repository/io/grpc/grpc-util/1.66.0/grpc-util-1.66.0.jar:/Users/aubreymalabie/.m2/repository/io/perfmark/perfmark-api/0.27.0/perfmark-api-0.27.0.jar:/Users/aubreymalabie/.m2/repository/io/grpc/grpc-googleapis/1.66.0/grpc-googleapis-1.66.0.jar:/Users/aubreymalabie/.m2/repository/io/grpc/grpc-xds/1.66.0/grpc-xds-1.66.0.jar:/Users/aubreymalabie/.m2/repository/io/grpc/grpc-services/1.66.0/grpc-services-1.66.0.jar:/Users/aubreymalabie/.m2/repository/com/google/re2j/re2j/1.7/re2j-1.7.jar:/Users/aubreymalabie/.m2/repository/com/google/api/gax-httpjson/2.52.0/gax-httpjson-2.52.0.jar:/Users/aubreymalabie/.m2/repository/com/google/code/gson/gson/2.10.1/gson-2.10.1.jar:/Users/aubreymalabie/.m2/repository/org/apache/httpcomponents/httpclient/4.5.14/httpclient-4.5.14.jar:/Users/aubreymalabie/.m2/repository/commons-codec/commons-codec/1.16.1/commons-codec-1.16.1.jar:/Users/aubreymalabie/.m2/repository/org/apache/httpcomponents/httpcore/4.4.16/httpcore-4.4.16.jar:/Users/aubreymalabie/.m2/repository/io/opencensus/opencensus-contrib-http-util/0.31.1/opencensus-contrib-http-util-0.31.1.jar:/Users/aubreymalabie/.m2/repository/com/google/http-client/google-http-client-gson/1.44.2/google-http-client-gson-1.44.2.jar:/Users/aubreymalabie/.m2/repository/com/google/protobuf/protobuf-java-util/3.25.4/protobuf-java-util-3.25.4.jar:/Users/aubreymalabie/.m2/repository/org/threeten/threetenbp/1.6.9/threetenbp-1.6.9.jar:/Users/aubreymalabie/.m2/repository/com/google/api/grpc/grpc-google-common-protos/2.43.0/grpc-google-common-protos-2.43.0.jar:/Users/aubreymalabie/.m2/repository/org/springdoc/springdoc-openapi-starter-webmvc-ui/2.6.0/springdoc-openapi-starter-webmvc-ui-2.6.0.jar:/Users/aubreymalabie/.m2/repository/org/springdoc/springdoc-openapi-starter-webmvc-api/2.6.0/springdoc-openapi-starter-webmvc-api-2.6.0.jar:/Users/aubreymalabie/.m2/repository/org/springdoc/springdoc-openapi-starter-common/2.6.0/springdoc-openapi-starter-common-2.6.0.jar:/Users/aubreymalabie/.m2/repository/io/swagger/core/v3/swagger-core-jakarta/2.2.22/swagger-core-jakarta-2.2.22.jar:/Users/aubreymalabie/.m2/repository/org/apache/commons/commons-lang3/3.14.0/commons-lang3-3.14.0.jar:/Users/aubreymalabie/.m2/repository/io/swagger/core/v3/swagger-annotations-jakarta/2.2.22/swagger-annotations-jakarta-2.2.22.jar:/Users/aubreymalabie/.m2/repository/io/swagger/core/v3/swagger-models-jakarta/2.2.22/swagger-models-jakarta-2.2.22.jar:/Users/aubreymalabie/.m2/repository/jakarta/validation/jakarta.validation-api/3.0.2/jakarta.validation-api-3.0.2.jar:/Users/aubreymalabie/.m2/repository/com/fasterxml/jackson/dataformat/jackson-dataformat-yaml/2.17.2/jackson-dataformat-yaml-2.17.2.jar:/Users/aubreymalabie/.m2/repository/org/webjars/swagger-ui/5.17.14/swagger-ui-5.17.14.jar:/Users/aubreymalabie/.m2/repository/joda-time/joda-time/2.12.7/joda-time-2.12.7.jar:/Users/aubreymalabie/.m2/repository/com/squareup/okhttp/okhttp/2.7.5/okhttp-2.7.5.jar:/Users/aubreymalabie/.m2/repository/com/squareup/okio/okio/1.6.0/okio-1.6.0.jar:"/>
    <property name="sun.cpu.endian" value="little"/>
    <property name="user.home" value="/Users/aubreymalabie"/>
    <property name="user.language" value="en"/>
    <property name="java.specification.vendor" value="Oracle Corporation"/>
    <property name="java.version.date" value="2023-01-17"/>
    <property name="java.home" value="/Users/aubreymalabie/Library/Java/JavaVirtualMachines/openjdk-19.0.2-1/Contents/Home"/>
    <property name="file.separator" value="/"/>
    <property name="basedir" value="/Users/aubreymalabie/Work/liza-work/tiger-recon-backend"/>
    <property name="java.vm.compressedOopsMode" value="Zero based"/>
    <property name="line.separator" value="&#10;"/>
    <property name="java.vm.specification.vendor" value="Oracle Corporation"/>
    <property name="java.specification.name" value="Java Platform API Specification"/>
    <property name="FILE_LOG_CHARSET" value="UTF-8"/>
    <property name="java.awt.headless" value="true"/>
    <property name="apple.awt.application.name" value="ForkedBooter"/>
    <property name="surefire.real.class.path" value="/Users/aubreymalabie/Work/liza-work/tiger-recon-backend/target/surefire/surefirebooter-20240827231659164_3.jar"/>
    <property name="sun.management.compiler" value="HotSpot 64-Bit Tiered Compilers"/>
    <property name="ftp.nonProxyHosts" value="local|*.local|169.254/16|*.169.254/16"/>
    <property name="java.runtime.version" value="19.0.2+7-44"/>
    <property name="user.name" value="aubreymalabie"/>
    <property name="stdout.encoding" value="UTF-8"/>
    <property name="path.separator" value=":"/>
    <property name="os.version" value="14.6.1"/>
    <property name="java.runtime.name" value="OpenJDK Runtime Environment"/>
    <property name="file.encoding" value="UTF-8"/>
    <property name="java.vm.name" value="OpenJDK 64-Bit Server VM"/>
    <property name="localRepository" value="/Users/aubreymalabie/.m2/repository"/>
    <property name="java.vendor.url.bug" value="https://bugreport.java.com/bugreport/"/>
    <property name="java.io.tmpdir" value="/var/folders/xg/dm5xlygj10n4b2pkmmkwhdpw0000gn/T/"/>
    <property name="java.version" value="19.0.2"/>
    <property name="user.dir" value="/Users/aubreymalabie/Work/liza-work/tiger-recon-backend"/>
    <property name="os.arch" value="aarch64"/>
    <property name="java.vm.specification.name" value="Java Virtual Machine Specification"/>
    <property name="PID" value="78369"/>
    <property name="CONSOLE_LOG_CHARSET" value="UTF-8"/>
    <property name="native.encoding" value="UTF-8"/>
    <property name="java.library.path" value="/Users/aubreymalabie/Library/Java/Extensions:/Library/Java/Extensions:/Network/Library/Java/Extensions:/System/Library/Java/Extensions:/usr/lib/java:."/>
    <property name="java.vm.info" value="mixed mode, sharing"/>
    <property name="stderr.encoding" value="UTF-8"/>
    <property name="java.vendor" value="Oracle Corporation"/>
    <property name="java.vm.version" value="19.0.2+7-44"/>
    <property name="sun.io.unicode.encoding" value="UnicodeBig"/>
    <property name="socksNonProxyHosts" value="local|*.local|169.254/16|*.169.254/16"/>
    <property name="java.class.version" value="63.0"/>
    <property name="LOGGED_APPLICATION_NAME" value="[backend] "/>
  </properties>
  <testcase name="contextLoads" classname="com.recon.backend.BackendApplicationTests" time="0.457">
    <system-out><![CDATA[23:16:59.596 [main] INFO org.springframework.test.context.support.AnnotationConfigContextLoaderUtils -- Could not detect default configuration classes for test class [com.recon.backend.BackendApplicationTests]: BackendApplicationTests does not declare any static, non-private, non-final, nested classes annotated with @Configuration.
23:16:59.646 [main] INFO org.springframework.boot.test.context.SpringBootTestContextBootstrapper -- Found @SpringBootConfiguration com.recon.backend.BackendApplication for test class com.recon.backend.BackendApplicationTests
23:16:59.773 [main] INFO org.springframework.boot.devtools.restart.RestartApplicationListener -- Restart disabled due to context in which it is running

  .   ____          _            __ _ _
 /\\ / ___'_ __ _ _(_)_ __  __ _ \ \ \ \
( ( )\___ | '_ | '_| | '_ \/ _` | \ \ \ \
 \\/  ___)| |_)| | | | | || (_| |  ) ) ) )
  '  |____| .__|_| |_|_| |_\__, | / / / /
 =========|_|==============|___/=/_/_/_/

 :: Spring Boot ::                (v3.3.3)

2024-08-27T23:16:59.916+02:00  INFO 78369 --- [backend] [           main] c.recon.backend.BackendApplicationTests  : Starting BackendApplicationTests using Java 19.0.2 with PID 78369 (started by aubreymalabie in /Users/aubreymalabie/Work/liza-work/tiger-recon-backend)
2024-08-27T23:16:59.917+02:00  INFO 78369 --- [backend] [           main] c.recon.backend.BackendApplicationTests  : The following 1 profile is active: "prod"
2024-08-27T23:17:00.616+02:00  INFO 78369 --- [backend] [           main] c.r.b.filters.AuthenticationFilter       : ☕️☕️ AuthenticationFilter constructed
2024-08-27T23:17:00.617+02:00  INFO 78369 --- [backend] [           main] c.r.backend.filters.SimpleCorsFilter     : ☕️☕️☕️ SimpleCorsFilter constructed
2024-08-27T23:17:00.985+02:00  WARN 78369 --- [backend] [           main] ion$DefaultTemplateResolverConfiguration : Cannot find template location: classpath:/templates/ (please add some templates, check your Thymeleaf configuration, or set spring.thymeleaf.check-template-location=false)
2024-08-27T23:17:00.994+02:00  INFO 78369 --- [backend] [           main] o.s.b.a.e.web.EndpointLinksResolver      : Exposing 1 endpoint beneath base path '/actuator'
2024-08-27T23:17:01.025+02:00  INFO 78369 --- [backend] [           main] c.recon.backend.BackendApplicationTests  : Started BackendApplicationTests in 1.26 seconds (process running for 1.808)
2024-08-27T23:17:01.069+02:00  INFO 78369 --- [backend] [           main] BackendApplication                       : 🥝🥝🥝 ReconBackendApp 🥝🍐🍐🍐🍐 Total Endpoints: 11

2024-08-27T23:17:01.070+02:00  INFO 78369 --- [backend] [           main] BackendApplication                       :  🍐🍐 {GET [/v3/api-docs], produces [application/json]}
2024-08-27T23:17:01.070+02:00  INFO 78369 --- [backend] [           main] BackendApplication                       :  🍐🍐 {GET [/banks/createSouthAfricanBanks]}
2024-08-27T23:17:01.070+02:00  INFO 78369 --- [backend] [           main] BackendApplication                       :  🍐🍐 {POST [/banks/create]}
2024-08-27T23:17:01.070+02:00  INFO 78369 --- [backend] [           main] BackendApplication                       :  🍐🍐 {GET [/banks/findByName]}
2024-08-27T23:17:01.070+02:00  INFO 78369 --- [backend] [           main] BackendApplication                       :  🍐🍐 {GET [/v3/api-docs.yaml], produces [application/vnd.oai.openapi]}
2024-08-27T23:17:01.070+02:00  INFO 78369 --- [backend] [           main] BackendApplication                       :  🍐🍐 {GET [/swagger-ui.html]}
2024-08-27T23:17:01.071+02:00  INFO 78369 --- [backend] [           main] BackendApplication                       :  🍐🍐 { [/error]}
2024-08-27T23:17:01.071+02:00  INFO 78369 --- [backend] [           main] BackendApplication                       :  🍐🍐 {GET [/banks/findAll]}
2024-08-27T23:17:01.071+02:00  INFO 78369 --- [backend] [           main] BackendApplication                       :  🍐🍐 {GET [/banks/findById]}
2024-08-27T23:17:01.071+02:00  INFO 78369 --- [backend] [           main] BackendApplication                       :  🍐🍐 { [/error], produces [text/html]}
2024-08-27T23:17:01.071+02:00  INFO 78369 --- [backend] [           main] BackendApplication                       :  🍐🍐 {GET [/v3/api-docs/swagger-config], produces [application/json]}
2024-08-27T23:17:01.071+02:00  INFO 78369 --- [backend] [           main] FirebaseService                          : 🌀🌀🌀 .... initializing Firebase ....
2024-08-27T23:17:01.071+02:00  INFO 78369 --- [backend] [           main] FirebaseService                          : 🌀🌀🌀 Project Id from Properties: 🍎 recon-back
2024-08-27T23:17:01.108+02:00  INFO 78369 --- [backend] [           main] FirebaseService                          : 🌀🌀🌀🌀🌀creds: ServiceAccountCredentials{universeDomain=googleapis.com, isExplicitUniverseDomain=true, clientId=109953406749286379122, clientEmail=reconback@recon-back.iam.gserviceaccount.com, privateKeyId=eb6f69c6ef69134c6077b0904e40c826162230b6, transportFactoryClassName=com.google.auth.oauth2.OAuth2Utils$DefaultHttpTransportFactory, tokenServerUri=https://oauth2.googleapis.com/token, scopes=[], defaultScopes=[], lifetime=3600, useJwtAccessWithScope=false, defaultRetriesEnabled=true}
2024-08-27T23:17:01.119+02:00  INFO 78369 --- [backend] [           main] FirebaseService                          : 🌀🌀🌀🌀🌀 Firebase has been initialized: https://recon-back.firebaseio.com/ 🍎
2024-08-27T23:17:01.137+02:00  INFO 78369 --- [backend] [           main] FirebaseService                          : 🌀🌀🌀🌀🌀 Firestore has been initialized:
 🌿 projectId: recon-back
 🌿 databaseId: (default)
 🌿 scopedCredentials: ServiceAccountCredentials{universeDomain=googleapis.com, isExplicitUniverseDomain=true, clientId=109953406749286379122, clientEmail=reconback@recon-back.iam.gserviceaccount.com, privateKeyId=eb6f69c6ef69134c6077b0904e40c826162230b6, transportFactoryClassName=com.google.auth.oauth2.OAuth2Utils$DefaultHttpTransportFactory, tokenServerUri=https://oauth2.googleapis.com/token, scopes=[https://www.googleapis.com/auth/cloud-platform, https://www.googleapis.com/auth/datastore], defaultScopes=[], lifetime=3600, useJwtAccessWithScope=false, defaultRetriesEnabled=true}
 🍎🍎🍎🍎🍎
2024-08-27T23:17:02.215+02:00  INFO 78369 --- [backend] [           main] CommunicationsService                    : 🌍🌍🌍 CommunicationsService 🌍  😡 200 rows
]]></system-out>
  </testcase>
</testsuite>